<?xml version="1.0" encoding="UTF-8"?>
<testng-results ignored="0" total="2" passed="2" failed="0" skipped="0">
  <reporter-output>
  </reporter-output>
  <suite started-at="2025-08-28T17:07:47 IST" name="SaucedemoSuite" finished-at="2025-08-28T17:08:14 IST" duration-ms="27257">
    <groups>
    </groups>
    <test started-at="2025-08-28T17:07:47 IST" name="LoginTests" finished-at="2025-08-28T17:08:14 IST" duration-ms="27257">
      <class name="tests.LoginTest">
        <test-method is-config="true" signature="setUp()[pri:0, instance:tests.LoginTest@38425407]" started-at="2025-08-28T17:07:47 IST" name="setUp" finished-at="2025-08-28T17:08:05 IST" duration-ms="18320" status="PASS">
          <reporter-output>
          </reporter-output>
        </test-method> <!-- setUp -->
        <test-method signature="testInvalidLogin()[pri:0, instance:tests.LoginTest@38425407]" started-at="2025-08-28T17:08:05 IST" name="testInvalidLogin" finished-at="2025-08-28T17:08:06 IST" duration-ms="874" status="PASS">
          <reporter-output>
          </reporter-output>
        </test-method> <!-- testInvalidLogin -->
        <test-method is-config="true" signature="tearDown()[pri:0, instance:tests.LoginTest@38425407]" started-at="2025-08-28T17:08:06 IST" name="tearDown" finished-at="2025-08-28T17:08:07 IST" duration-ms="1087" status="PASS">
          <reporter-output>
          </reporter-output>
        </test-method> <!-- tearDown -->
        <test-method is-config="true" signature="setUp()[pri:0, instance:tests.LoginTest@38425407]" started-at="2025-08-28T17:08:07 IST" name="setUp" finished-at="2025-08-28T17:08:12 IST" duration-ms="4941" status="PASS">
          <reporter-output>
          </reporter-output>
        </test-method> <!-- setUp -->
        <test-method signature="testValidLogin()[pri:0, instance:tests.LoginTest@38425407]" started-at="2025-08-28T17:08:12 IST" name="testValidLogin" finished-at="2025-08-28T17:08:13 IST" duration-ms="950" status="PASS">
          <reporter-output>
          </reporter-output>
        </test-method> <!-- testValidLogin -->
        <test-method is-config="true" signature="tearDown()[pri:0, instance:tests.LoginTest@38425407]" started-at="2025-08-28T17:08:13 IST" name="tearDown" finished-at="2025-08-28T17:08:14 IST" duration-ms="966" status="PASS">
          <reporter-output>
          </reporter-output>
        </test-method> <!-- tearDown -->
      </class> <!-- tests.LoginTest -->
    </test> <!-- LoginTests -->
  </suite> <!-- SaucedemoSuite -->
</testng-results>
